11:50:45 **** Incremental Build of configuration Nios II for project lab4_test2 ****
make all 
Info: Building ../lab4_test2_bsp/
C:/intelFPGA_lite/18.1/nios2eds/bin/gnu/H-x86_64-mingw32/bin/make --no-print-directory -C ../lab4_test2_bsp/
[BSP build complete]
[lab4_test2 build complete]
11:51:26 **** Build of configuration Nios II for project lab4_test2 ****
make all 
Info: Building ../lab4_test2_bsp/
C:/intelFPGA_lite/18.1/nios2eds/bin/gnu/H-x86_64-mingw32/bin/make --no-print-directory -C ../lab4_test2_bsp/
[BSP build complete]
[lab4_test2 build complete]
11:51:30 **** Incremental Build of configuration Nios II for project lab4_test2 ****
make all 
Info: Building ../lab4_test2_bsp/
C:/intelFPGA_lite/18.1/nios2eds/bin/gnu/H-x86_64-mingw32/bin/make --no-print-directory -C ../lab4_test2_bsp/
[BSP build complete]
Info: Compiling hello_world_small.c to obj/default/hello_world_small.o
nios2-elf-gcc -xc -MP -MMD -c -I../lab4_test2_bsp//HAL/inc -I../lab4_test2_bsp/ -I../lab4_test2_bsp//drivers/inc  -pipe -D__hal__ -DALT_NO_C_PLUS_PLUS -DALT_NO_CLEAN_EXIT -D'exit(a)=_exit(a)' -DALT_NO_EXIT -DALT_USE_DIRECT_DRIVERS -DALT_NO_INSTRUCTION_EMULATION -DALT_USE_SMALL_DRIVERS -DSMALL_C_LIB -DALT_SINGLE_THREADED    -Os -g -Wall   -mno-hw-div -mno-hw-mul -mno-hw-mulx -mgpopt=global  -o obj/default/hello_world_small.o hello_world_small.c
hello_world_small.c: In function 'main':
hello_world_small.c:97:10: warning: implicit declaration of function 'alt_getchar' [-Wimplicit-function-declaration]
      c = alt_getchar();
          ^
hello_world_small.c:105:16: warning: variable 'val' set but not used [-Wunused-but-set-variable]
         alt_32 val;
                ^
Info: Linking lab4_test2.elf
nios2-elf-g++  -T'../lab4_test2_bsp//linker.x' -msys-crt0='../lab4_test2_bsp//obj/HAL/src/crt0.o' -msys-lib=hal_bsp -L../lab4_test2_bsp/  -msmallc  -Wl,-Map=lab4_test2.map   -Os -g -Wall   -mno-hw-div -mno-hw-mul -mno-hw-mulx -mgpopt=global  -o lab4_test2.elf obj/default/hello_world_small.o -lm -msys-lib=m
nios2-elf-insert lab4_test2.elf --thread_model hal --cpu_name cpu --qsys true --simulation_enabled false --stderr_dev jtag_uart --stdin_dev jtag_uart --stdout_dev jtag_uart --sopc_system_name nios_accelerometer --quartus_project_dir "C:/Users/gsamr/Desktop/Uni/Yr2/Information_Processing/Lab-3" --jdi C:/Users/gsamr/Desktop/Uni/Yr2/Information_Processing/Lab-3/software/lab4_test2_bsp/../../DE10_LITE_Golden_Top.jdi --sopcinfo C:/Users/gsamr/Desktop/Uni/Yr2/Information_Processing/Lab-3/software/lab4_test2_bsp/../../nios_accelerometer.sopcinfo
Info: (lab4_test2.elf) 5824 Bytes program size (code + initialized data).
Info:                  57 KBytes free for stack + heap.
Info: Creating lab4_test2.objdump
nios2-elf-objdump --disassemble --syms --all-header --source lab4_test2.elf >lab4_test2.objdump
[lab4_test2 build complete]
11:53:15 **** Build of configuration Nios II for project lab4_test2 ****
make all 
Info: Building ../lab4_test2_bsp/
C:/intelFPGA_lite/18.1/nios2eds/bin/gnu/H-x86_64-mingw32/bin/make --no-print-directory -C ../lab4_test2_bsp/
[BSP build complete]
[lab4_test2 build complete]
11:53:19 **** Incremental Build of configuration Nios II for project lab4_test2 ****
make all 
Info: Building ../lab4_test2_bsp/
C:/intelFPGA_lite/18.1/nios2eds/bin/gnu/H-x86_64-mingw32/bin/make --no-print-directory -C ../lab4_test2_bsp/
[BSP build complete]
Info: Compiling hello_world_small.c to obj/default/hello_world_small.o
nios2-elf-gcc -xc -MP -MMD -c -I../lab4_test2_bsp//HAL/inc -I../lab4_test2_bsp/ -I../lab4_test2_bsp//drivers/inc  -pipe -D__hal__ -DALT_NO_C_PLUS_PLUS -DALT_NO_CLEAN_EXIT -D'exit(a)=_exit(a)' -DALT_NO_EXIT -DALT_USE_DIRECT_DRIVERS -DALT_NO_INSTRUCTION_EMULATION -DALT_USE_SMALL_DRIVERS -DSMALL_C_LIB -DALT_SINGLE_THREADED    -Os -g -Wall   -mno-hw-div -mno-hw-mul -mno-hw-mulx -mgpopt=global  -o obj/default/hello_world_small.o hello_world_small.c
hello_world_small.c: In function 'main':
hello_world_small.c:93:8: warning: implicit declaration of function 'alt_getchar' [-Wimplicit-function-declaration]
    c = alt_getchar();
        ^
Info: Linking lab4_test2.elf
nios2-elf-g++  -T'../lab4_test2_bsp//linker.x' -msys-crt0='../lab4_test2_bsp//obj/HAL/src/crt0.o' -msys-lib=hal_bsp -L../lab4_test2_bsp/  -msmallc  -Wl,-Map=lab4_test2.map   -Os -g -Wall   -mno-hw-div -mno-hw-mul -mno-hw-mulx -mgpopt=global  -o lab4_test2.elf obj/default/hello_world_small.o -lm -msys-lib=m
nios2-elf-insert lab4_test2.elf --thread_model hal --cpu_name cpu --qsys true --simulation_enabled false --stderr_dev jtag_uart --stdin_dev jtag_uart --stdout_dev jtag_uart --sopc_system_name nios_accelerometer --quartus_project_dir "C:/Users/gsamr/Desktop/Uni/Yr2/Information_Processing/Lab-3" --jdi C:/Users/gsamr/Desktop/Uni/Yr2/Information_Processing/Lab-3/software/lab4_test2_bsp/../../DE10_LITE_Golden_Top.jdi --sopcinfo C:/Users/gsamr/Desktop/Uni/Yr2/Information_Processing/Lab-3/software/lab4_test2_bsp/../../nios_accelerometer.sopcinfo
Info: (lab4_test2.elf) 5880 Bytes program size (code + initialized data).
Info:                  57 KBytes free for stack + heap.
Info: Creating lab4_test2.objdump
nios2-elf-objdump --disassemble --syms --all-header --source lab4_test2.elf >lab4_test2.objdump
[lab4_test2 build complete]
11:53:46 **** Build of configuration Nios II for project lab4_test2 ****
make all 
Info: Building ../lab4_test2_bsp/
C:/intelFPGA_lite/18.1/nios2eds/bin/gnu/H-x86_64-mingw32/bin/make --no-print-directory -C ../lab4_test2_bsp/
[BSP build complete]
[lab4_test2 build complete]
11:53:48 **** Incremental Build of configuration Nios II for project lab4_test2 ****
make all 
Info: Building ../lab4_test2_bsp/
C:/intelFPGA_lite/18.1/nios2eds/bin/gnu/H-x86_64-mingw32/bin/make --no-print-directory -C ../lab4_test2_bsp/
[BSP build complete]
[lab4_test2 build complete]
